[0.283s] DEBUG:colcon:Command line arguments: ['/usr/bin/colcon', 'build']
[0.283s] DEBUG:colcon:Parsed command line arguments: Namespace(log_base=None, log_level=None, verb_name='build', build_base='build', install_base='install', merge_install=False, symlink_install=False, test_result_base=None, continue_on_error=False, executor='parallel', parallel_workers=4, event_handlers=None, ignore_user_meta=False, metas=['./colcon.meta'], base_paths=['.'], packages_ignore=None, packages_ignore_regex=None, paths=None, packages_up_to=None, packages_up_to_regex=None, packages_above=None, packages_above_and_dependencies=None, packages_above_depth=None, packages_select_by_dep=None, packages_skip_by_dep=None, packages_skip_up_to=None, packages_select_build_failed=False, packages_skip_build_finished=False, packages_select_test_failures=False, packages_skip_test_passed=False, packages_select=None, packages_skip=None, packages_select_regex=None, packages_skip_regex=None, packages_start=None, packages_end=None, allow_overriding=[], cmake_args=None, cmake_target=None, cmake_target_skip_unavailable=False, cmake_clean_cache=False, cmake_clean_first=False, cmake_force_configure=False, ament_cmake_args=None, catkin_cmake_args=None, catkin_skip_building_tests=False, verb_parser=<colcon_defaults.argument_parser.defaults.DefaultArgumentsDecorator object at 0x7abf8aa81070>, verb_extension=<colcon_core.verb.build.BuildVerb object at 0x7abf8aba1580>, main=<bound method BuildVerb.main of <colcon_core.verb.build.BuildVerb object at 0x7abf8aba1580>>)
[0.367s] Level 1:colcon.colcon_core.package_discovery:discover_packages(colcon_meta) check parameters
[0.368s] Level 1:colcon.colcon_core.package_discovery:discover_packages(recursive) check parameters
[0.368s] Level 1:colcon.colcon_core.package_discovery:discover_packages(ignore) check parameters
[0.368s] Level 1:colcon.colcon_core.package_discovery:discover_packages(path) check parameters
[0.368s] Level 1:colcon.colcon_core.package_discovery:discover_packages(colcon_meta) discover
[0.369s] Level 1:colcon.colcon_core.package_discovery:discover_packages(recursive) discover
[0.369s] INFO:colcon.colcon_core.package_discovery:Crawling recursively for packages in '/home/xiluo/ldlidar_port'
[0.369s] Level 1:colcon.colcon_core.package_identification:_identify(.) by extensions ['ignore', 'ignore_ament_install']
[0.369s] Level 1:colcon.colcon_core.package_identification:_identify(.) by extension 'ignore'
[0.369s] Level 1:colcon.colcon_core.package_identification:_identify(.) by extension 'ignore_ament_install'
[0.370s] Level 1:colcon.colcon_core.package_identification:_identify(.) by extensions ['colcon_pkg']
[0.370s] Level 1:colcon.colcon_core.package_identification:_identify(.) by extension 'colcon_pkg'
[0.370s] Level 1:colcon.colcon_core.package_identification:_identify(.) by extensions ['colcon_meta']
[0.370s] Level 1:colcon.colcon_core.package_identification:_identify(.) by extension 'colcon_meta'
[0.370s] Level 1:colcon.colcon_core.package_identification:_identify(.) by extensions ['ros']
[0.370s] Level 1:colcon.colcon_core.package_identification:_identify(.) by extension 'ros'
[0.418s] DEBUG:colcon.colcon_core.package_identification:Package '.' with type 'ros.ament_cmake' and name 'ldlidar'
[0.418s] Level 1:colcon.colcon_core.package_discovery:discover_packages(recursive) using defaults
[0.419s] Level 1:colcon.colcon_core.package_discovery:discover_packages(ignore) discover
[0.419s] Level 1:colcon.colcon_core.package_discovery:discover_packages(ignore) using defaults
[0.419s] Level 1:colcon.colcon_core.package_discovery:discover_packages(path) discover
[0.419s] Level 1:colcon.colcon_core.package_discovery:discover_packages(path) using defaults
[0.461s] Level 1:colcon.colcon_core.package_discovery:discover_packages(prefix_path) check parameters
[0.461s] Level 1:colcon.colcon_core.package_discovery:discover_packages(prefix_path) discover
[0.468s] DEBUG:colcon.colcon_installed_package_information.package_discovery:Found 285 installed packages in /opt/ros/jazzy
[0.471s] Level 1:colcon.colcon_core.package_discovery:discover_packages(prefix_path) using defaults
[0.583s] Level 5:colcon.colcon_core.verb:set package 'ldlidar' build argument 'cmake_args' from command line to 'None'
[0.583s] Level 5:colcon.colcon_core.verb:set package 'ldlidar' build argument 'cmake_target' from command line to 'None'
[0.583s] Level 5:colcon.colcon_core.verb:set package 'ldlidar' build argument 'cmake_target_skip_unavailable' from command line to 'False'
[0.583s] Level 5:colcon.colcon_core.verb:set package 'ldlidar' build argument 'cmake_clean_cache' from command line to 'False'
[0.583s] Level 5:colcon.colcon_core.verb:set package 'ldlidar' build argument 'cmake_clean_first' from command line to 'False'
[0.583s] Level 5:colcon.colcon_core.verb:set package 'ldlidar' build argument 'cmake_force_configure' from command line to 'False'
[0.583s] Level 5:colcon.colcon_core.verb:set package 'ldlidar' build argument 'ament_cmake_args' from command line to 'None'
[0.584s] Level 5:colcon.colcon_core.verb:set package 'ldlidar' build argument 'catkin_cmake_args' from command line to 'None'
[0.584s] Level 5:colcon.colcon_core.verb:set package 'ldlidar' build argument 'catkin_skip_building_tests' from command line to 'False'
[0.584s] DEBUG:colcon.colcon_core.verb:Building package 'ldlidar' with the following arguments: {'ament_cmake_args': None, 'build_base': '/home/xiluo/ldlidar_port/build/ldlidar', 'catkin_cmake_args': None, 'catkin_skip_building_tests': False, 'cmake_args': None, 'cmake_clean_cache': False, 'cmake_clean_first': False, 'cmake_force_configure': False, 'cmake_target': None, 'cmake_target_skip_unavailable': False, 'install_base': '/home/xiluo/ldlidar_port/install/ldlidar', 'merge_install': False, 'path': '/home/xiluo/ldlidar_port', 'symlink_install': False, 'test_result_base': None}
[0.584s] INFO:colcon.colcon_core.executor:Executing jobs using 'parallel' executor
[0.586s] DEBUG:colcon.colcon_parallel_executor.executor.parallel:run_until_complete
[0.587s] INFO:colcon.colcon_ros.task.ament_cmake.build:Building ROS package in '/home/xiluo/ldlidar_port' with build type 'ament_cmake'
[0.587s] INFO:colcon.colcon_cmake.task.cmake.build:Building CMake package in '/home/xiluo/ldlidar_port'
[0.592s] INFO:colcon.colcon_core.plugin_system:Skipping extension 'colcon_core.shell.bat': Not used on non-Windows systems
[0.593s] INFO:colcon.colcon_core.shell:Skip shell extension 'powershell' for command environment: Not usable outside of PowerShell
[0.593s] DEBUG:colcon.colcon_core.shell:Skip shell extension 'dsv' for command environment
[0.620s] DEBUG:colcon.colcon_core.event_handler.log_command:Invoking command in '/home/xiluo/ldlidar_port/build/ldlidar': CMAKE_PREFIX_PATH=${CMAKE_PREFIX_PATH}:/opt/ros/jazzy DEBUGINFOD_URLS=https://debuginfod.ubuntu.com /usr/bin/cmake --build /home/xiluo/ldlidar_port/build/ldlidar -- -j4 -l4
[0.955s] DEBUG:colcon.colcon_core.event_handler.log_command:Invoked command in '/home/xiluo/ldlidar_port/build/ldlidar' returned '0': CMAKE_PREFIX_PATH=${CMAKE_PREFIX_PATH}:/opt/ros/jazzy DEBUGINFOD_URLS=https://debuginfod.ubuntu.com /usr/bin/cmake --build /home/xiluo/ldlidar_port/build/ldlidar -- -j4 -l4
[0.993s] DEBUG:colcon.colcon_core.event_handler.log_command:Invoking command in '/home/xiluo/ldlidar_port/build/ldlidar': CMAKE_PREFIX_PATH=${CMAKE_PREFIX_PATH}:/opt/ros/jazzy DEBUGINFOD_URLS=https://debuginfod.ubuntu.com /usr/bin/cmake --install /home/xiluo/ldlidar_port/build/ldlidar
[1.048s] Level 1:colcon.colcon_core.environment:create_environment_scripts_only(ldlidar)
[1.051s] DEBUG:colcon.colcon_core.event_handler.log_command:Invoked command in '/home/xiluo/ldlidar_port/build/ldlidar' returned '0': CMAKE_PREFIX_PATH=${CMAKE_PREFIX_PATH}:/opt/ros/jazzy DEBUGINFOD_URLS=https://debuginfod.ubuntu.com /usr/bin/cmake --install /home/xiluo/ldlidar_port/build/ldlidar
[1.054s] Level 1:colcon.colcon_core.environment:checking '/home/xiluo/ldlidar_port/install/ldlidar' for CMake module files
[1.055s] Level 1:colcon.colcon_core.environment:checking '/home/xiluo/ldlidar_port/install/ldlidar' for CMake config files
[1.056s] Level 1:colcon.colcon_core.shell:create_environment_hook('ldlidar', 'cmake_prefix_path')
[1.056s] INFO:colcon.colcon_core.shell:Creating environment hook '/home/xiluo/ldlidar_port/install/ldlidar/share/ldlidar/hook/cmake_prefix_path.ps1'
[1.058s] INFO:colcon.colcon_core.shell:Creating environment descriptor '/home/xiluo/ldlidar_port/install/ldlidar/share/ldlidar/hook/cmake_prefix_path.dsv'
[1.060s] INFO:colcon.colcon_core.shell:Creating environment hook '/home/xiluo/ldlidar_port/install/ldlidar/share/ldlidar/hook/cmake_prefix_path.sh'
[1.062s] Level 1:colcon.colcon_core.environment:checking '/home/xiluo/ldlidar_port/install/ldlidar/lib'
[1.062s] Level 1:colcon.colcon_core.environment:checking '/home/xiluo/ldlidar_port/install/ldlidar/bin'
[1.062s] Level 1:colcon.colcon_core.environment:checking '/home/xiluo/ldlidar_port/install/ldlidar/lib/pkgconfig/ldlidar.pc'
[1.063s] Level 1:colcon.colcon_core.environment:checking '/home/xiluo/ldlidar_port/install/ldlidar/lib/python3.12/site-packages'
[1.064s] Level 1:colcon.colcon_core.environment:checking '/home/xiluo/ldlidar_port/install/ldlidar/bin'
[1.065s] INFO:colcon.colcon_core.shell:Creating package script '/home/xiluo/ldlidar_port/install/ldlidar/share/ldlidar/package.ps1'
[1.067s] INFO:colcon.colcon_core.shell:Creating package descriptor '/home/xiluo/ldlidar_port/install/ldlidar/share/ldlidar/package.dsv'
[1.068s] INFO:colcon.colcon_core.shell:Creating package script '/home/xiluo/ldlidar_port/install/ldlidar/share/ldlidar/package.sh'
[1.069s] INFO:colcon.colcon_core.shell:Creating package script '/home/xiluo/ldlidar_port/install/ldlidar/share/ldlidar/package.bash'
[1.070s] INFO:colcon.colcon_core.shell:Creating package script '/home/xiluo/ldlidar_port/install/ldlidar/share/ldlidar/package.zsh'
[1.071s] Level 1:colcon.colcon_core.environment:create_file_with_runtime_dependencies(/home/xiluo/ldlidar_port/install/ldlidar/share/colcon-core/packages/ldlidar)
[1.072s] Level 1:colcon.colcon_core.environment:create_environment_scripts_only(ldlidar)
[1.072s] Level 1:colcon.colcon_core.environment:checking '/home/xiluo/ldlidar_port/install/ldlidar' for CMake module files
[1.074s] Level 1:colcon.colcon_core.environment:checking '/home/xiluo/ldlidar_port/install/ldlidar' for CMake config files
[1.074s] Level 1:colcon.colcon_core.shell:create_environment_hook('ldlidar', 'cmake_prefix_path')
[1.075s] INFO:colcon.colcon_core.shell:Creating environment hook '/home/xiluo/ldlidar_port/install/ldlidar/share/ldlidar/hook/cmake_prefix_path.ps1'
[1.076s] INFO:colcon.colcon_core.shell:Creating environment descriptor '/home/xiluo/ldlidar_port/install/ldlidar/share/ldlidar/hook/cmake_prefix_path.dsv'
[1.080s] INFO:colcon.colcon_core.shell:Creating environment hook '/home/xiluo/ldlidar_port/install/ldlidar/share/ldlidar/hook/cmake_prefix_path.sh'
[1.082s] Level 1:colcon.colcon_core.environment:checking '/home/xiluo/ldlidar_port/install/ldlidar/lib'
[1.083s] Level 1:colcon.colcon_core.environment:checking '/home/xiluo/ldlidar_port/install/ldlidar/bin'
[1.084s] Level 1:colcon.colcon_core.environment:checking '/home/xiluo/ldlidar_port/install/ldlidar/lib/pkgconfig/ldlidar.pc'
[1.084s] Level 1:colcon.colcon_core.environment:checking '/home/xiluo/ldlidar_port/install/ldlidar/lib/python3.12/site-packages'
[1.085s] Level 1:colcon.colcon_core.environment:checking '/home/xiluo/ldlidar_port/install/ldlidar/bin'
[1.086s] INFO:colcon.colcon_core.shell:Creating package script '/home/xiluo/ldlidar_port/install/ldlidar/share/ldlidar/package.ps1'
[1.088s] INFO:colcon.colcon_core.shell:Creating package descriptor '/home/xiluo/ldlidar_port/install/ldlidar/share/ldlidar/package.dsv'
[1.090s] INFO:colcon.colcon_core.shell:Creating package script '/home/xiluo/ldlidar_port/install/ldlidar/share/ldlidar/package.sh'
[1.093s] INFO:colcon.colcon_core.shell:Creating package script '/home/xiluo/ldlidar_port/install/ldlidar/share/ldlidar/package.bash'
[1.094s] INFO:colcon.colcon_core.shell:Creating package script '/home/xiluo/ldlidar_port/install/ldlidar/share/ldlidar/package.zsh'
[1.097s] Level 1:colcon.colcon_core.environment:create_file_with_runtime_dependencies(/home/xiluo/ldlidar_port/install/ldlidar/share/colcon-core/packages/ldlidar)
[1.098s] DEBUG:colcon.colcon_parallel_executor.executor.parallel:closing loop
[1.098s] DEBUG:colcon.colcon_parallel_executor.executor.parallel:loop closed
[1.098s] DEBUG:colcon.colcon_parallel_executor.executor.parallel:run_until_complete finished with '0'
[1.098s] DEBUG:colcon.colcon_core.event_reactor:joining thread
[1.116s] INFO:colcon.colcon_core.plugin_system:Skipping extension 'colcon_notification.desktop_notification.terminal_notifier': Not used on non-Darwin systems
[1.116s] INFO:colcon.colcon_core.plugin_system:Skipping extension 'colcon_notification.desktop_notification.win32': Not used on non-Windows systems
[1.116s] INFO:colcon.colcon_notification.desktop_notification:Sending desktop notification using 'notify2'
[1.181s] DEBUG:colcon.colcon_core.event_reactor:joined thread
[1.182s] INFO:colcon.colcon_core.shell:Creating prefix script '/home/xiluo/ldlidar_port/install/local_setup.ps1'
[1.184s] INFO:colcon.colcon_core.shell:Creating prefix util module '/home/xiluo/ldlidar_port/install/_local_setup_util_ps1.py'
[1.187s] INFO:colcon.colcon_core.shell:Creating prefix chain script '/home/xiluo/ldlidar_port/install/setup.ps1'
[1.191s] INFO:colcon.colcon_core.shell:Creating prefix script '/home/xiluo/ldlidar_port/install/local_setup.sh'
[1.193s] INFO:colcon.colcon_core.shell:Creating prefix util module '/home/xiluo/ldlidar_port/install/_local_setup_util_sh.py'
[1.195s] INFO:colcon.colcon_core.shell:Creating prefix chain script '/home/xiluo/ldlidar_port/install/setup.sh'
[1.197s] INFO:colcon.colcon_core.shell:Creating prefix script '/home/xiluo/ldlidar_port/install/local_setup.bash'
[1.199s] INFO:colcon.colcon_core.shell:Creating prefix chain script '/home/xiluo/ldlidar_port/install/setup.bash'
[1.201s] INFO:colcon.colcon_core.shell:Creating prefix script '/home/xiluo/ldlidar_port/install/local_setup.zsh'
[1.202s] INFO:colcon.colcon_core.shell:Creating prefix chain script '/home/xiluo/ldlidar_port/install/setup.zsh'
