[100%] Built target ldlidar
-- Install configuration: ""
-- Up-to-date: /home/xiluo/ldlidar_port/install/ldlidar/lib/ldlidar/LD14P_scan_fre.py
-- Up-to-date: /home/xiluo/ldlidar_port/install/ldlidar/lib/ldlidar/ldlidar
-- Up-to-date: /home/xiluo/ldlidar_port/install/ldlidar/share/ldlidar//launch
-- Installing: /home/xiluo/ldlidar_port/install/ldlidar/share/ldlidar//launch/ld14p.launch.py
-- Up-to-date: /home/xiluo/ldlidar_port/install/ldlidar/share/ldlidar//rviz2
-- Up-to-date: /home/xiluo/ldlidar_port/install/ldlidar/share/ldlidar//rviz2/ldlidar.rviz
-- Up-to-date: /home/xiluo/ldlidar_port/install/ldlidar/share/ament_index/resource_index/package_run_dependencies/ldlidar
-- Up-to-date: /home/xiluo/ldlidar_port/install/ldlidar/share/ament_index/resource_index/parent_prefix_path/ldlidar
-- Up-to-date: /home/xiluo/ldlidar_port/install/ldlidar/share/ldlidar/environment/ament_prefix_path.sh
-- Up-to-date: /home/xiluo/ldlidar_port/install/ldlidar/share/ldlidar/environment/ament_prefix_path.dsv
-- Up-to-date: /home/xiluo/ldlidar_port/install/ldlidar/share/ldlidar/environment/path.sh
-- Up-to-date: /home/xiluo/ldlidar_port/install/ldlidar/share/ldlidar/environment/path.dsv
-- Up-to-date: /home/xiluo/ldlidar_port/install/ldlidar/share/ldlidar/local_setup.bash
-- Up-to-date: /home/xiluo/ldlidar_port/install/ldlidar/share/ldlidar/local_setup.sh
-- Up-to-date: /home/xiluo/ldlidar_port/install/ldlidar/share/ldlidar/local_setup.zsh
-- Up-to-date: /home/xiluo/ldlidar_port/install/ldlidar/share/ldlidar/local_setup.dsv
-- Installing: /home/xiluo/ldlidar_port/install/ldlidar/share/ldlidar/package.dsv
-- Up-to-date: /home/xiluo/ldlidar_port/install/ldlidar/share/ament_index/resource_index/packages/ldlidar
-- Up-to-date: /home/xiluo/ldlidar_port/install/ldlidar/share/ldlidar/cmake/ldlidarConfig.cmake
-- Up-to-date: /home/xiluo/ldlidar_port/install/ldlidar/share/ldlidar/cmake/ldlidarConfig-version.cmake
-- Up-to-date: /home/xiluo/ldlidar_port/install/ldlidar/share/ldlidar/package.xml
