[0.030s] Invoking command in '/home/xiluo/ldlidar_port/build/ldlidar': CMAKE_PREFIX_PATH=${CMAKE_PREFIX_PATH}:/opt/ros/jazzy DEBUGINFOD_URLS=https://debuginfod.ubuntu.com /usr/bin/cmake --build /home/xiluo/ldlidar_port/build/ldlidar -- -j4 -l4
[0.323s] [100%] Built target ldlidar
[0.366s] Invoked command in '/home/xiluo/ldlidar_port/build/ldlidar' returned '0': CMAKE_PREFIX_PATH=${CMAKE_PREFIX_PATH}:/opt/ros/jazzy DEBUGINFOD_URLS=https://debuginfod.ubuntu.com /usr/bin/cmake --build /home/xiluo/ldlidar_port/build/ldlidar -- -j4 -l4
[0.403s] Invoking command in '/home/xiluo/ldlidar_port/build/ldlidar': CMAKE_PREFIX_PATH=${CMAKE_PREFIX_PATH}:/opt/ros/jazzy DEBUGINFOD_URLS=https://debuginfod.ubuntu.com /usr/bin/cmake --install /home/xiluo/ldlidar_port/build/ldlidar
[0.447s] -- Install configuration: ""
[0.448s] -- Up-to-date: /home/xiluo/ldlidar_port/install/ldlidar/lib/ldlidar/LD14P_scan_fre.py
[0.448s] -- Up-to-date: /home/xiluo/ldlidar_port/install/ldlidar/lib/ldlidar/ldlidar
[0.450s] -- Up-to-date: /home/xiluo/ldlidar_port/install/ldlidar/share/ldlidar//launch
[0.450s] -- Installing: /home/xiluo/ldlidar_port/install/ldlidar/share/ldlidar//launch/ld14p.launch.py
[0.450s] -- Up-to-date: /home/xiluo/ldlidar_port/install/ldlidar/share/ldlidar//rviz2
[0.452s] -- Up-to-date: /home/xiluo/ldlidar_port/install/ldlidar/share/ldlidar//rviz2/ldlidar.rviz
[0.452s] -- Up-to-date: /home/xiluo/ldlidar_port/install/ldlidar/share/ament_index/resource_index/package_run_dependencies/ldlidar
[0.452s] -- Up-to-date: /home/xiluo/ldlidar_port/install/ldlidar/share/ament_index/resource_index/parent_prefix_path/ldlidar
[0.453s] -- Up-to-date: /home/xiluo/ldlidar_port/install/ldlidar/share/ldlidar/environment/ament_prefix_path.sh
[0.454s] -- Up-to-date: /home/xiluo/ldlidar_port/install/ldlidar/share/ldlidar/environment/ament_prefix_path.dsv
[0.454s] -- Up-to-date: /home/xiluo/ldlidar_port/install/ldlidar/share/ldlidar/environment/path.sh
[0.454s] -- Up-to-date: /home/xiluo/ldlidar_port/install/ldlidar/share/ldlidar/environment/path.dsv
[0.454s] -- Up-to-date: /home/xiluo/ldlidar_port/install/ldlidar/share/ldlidar/local_setup.bash
[0.454s] -- Up-to-date: /home/xiluo/ldlidar_port/install/ldlidar/share/ldlidar/local_setup.sh
[0.455s] -- Up-to-date: /home/xiluo/ldlidar_port/install/ldlidar/share/ldlidar/local_setup.zsh
[0.455s] -- Up-to-date: /home/xiluo/ldlidar_port/install/ldlidar/share/ldlidar/local_setup.dsv
[0.455s] -- Installing: /home/xiluo/ldlidar_port/install/ldlidar/share/ldlidar/package.dsv
[0.456s] -- Up-to-date: /home/xiluo/ldlidar_port/install/ldlidar/share/ament_index/resource_index/packages/ldlidar
[0.456s] -- Up-to-date: /home/xiluo/ldlidar_port/install/ldlidar/share/ldlidar/cmake/ldlidarConfig.cmake
[0.460s] -- Up-to-date: /home/xiluo/ldlidar_port/install/ldlidar/share/ldlidar/cmake/ldlidarConfig-version.cmake
[0.461s] -- Up-to-date: /home/xiluo/ldlidar_port/install/ldlidar/share/ldlidar/package.xml
[0.461s] Invoked command in '/home/xiluo/ldlidar_port/build/ldlidar' returned '0': CMAKE_PREFIX_PATH=${CMAKE_PREFIX_PATH}:/opt/ros/jazzy DEBUGINFOD_URLS=https://debuginfod.ubuntu.com /usr/bin/cmake --install /home/xiluo/ldlidar_port/build/ldlidar
