[0.244s] DEBUG:colcon:Command line arguments: ['/usr/bin/colcon', 'build']
[0.244s] DEBUG:colcon:Parsed command line arguments: Namespace(log_base=None, log_level=None, verb_name='build', build_base='build', install_base='install', merge_install=False, symlink_install=False, test_result_base=None, continue_on_error=False, executor='parallel', parallel_workers=4, event_handlers=None, ignore_user_meta=False, metas=['./colcon.meta'], base_paths=['.'], packages_ignore=None, packages_ignore_regex=None, paths=None, packages_up_to=None, packages_up_to_regex=None, packages_above=None, packages_above_and_dependencies=None, packages_above_depth=None, packages_select_by_dep=None, packages_skip_by_dep=None, packages_skip_up_to=None, packages_select_build_failed=False, packages_skip_build_finished=False, packages_select_test_failures=False, packages_skip_test_passed=False, packages_select=None, packages_skip=None, packages_select_regex=None, packages_skip_regex=None, packages_start=None, packages_end=None, allow_overriding=[], cmake_args=None, cmake_target=None, cmake_target_skip_unavailable=False, cmake_clean_cache=False, cmake_clean_first=False, cmake_force_configure=False, ament_cmake_args=None, catkin_cmake_args=None, catkin_skip_building_tests=False, verb_parser=<colcon_defaults.argument_parser.defaults.DefaultArgumentsDecorator object at 0x759a6a881070>, verb_extension=<colcon_core.verb.build.BuildVerb object at 0x759a6a9a1d30>, main=<bound method BuildVerb.main of <colcon_core.verb.build.BuildVerb object at 0x759a6a9a1d30>>)
[0.358s] Level 1:colcon.colcon_core.package_discovery:discover_packages(colcon_meta) check parameters
[0.358s] Level 1:colcon.colcon_core.package_discovery:discover_packages(recursive) check parameters
[0.358s] Level 1:colcon.colcon_core.package_discovery:discover_packages(ignore) check parameters
[0.359s] Level 1:colcon.colcon_core.package_discovery:discover_packages(path) check parameters
[0.359s] Level 1:colcon.colcon_core.package_discovery:discover_packages(colcon_meta) discover
[0.359s] Level 1:colcon.colcon_core.package_discovery:discover_packages(recursive) discover
[0.359s] INFO:colcon.colcon_core.package_discovery:Crawling recursively for packages in '/home/xiluo/ldlidar_port'
[0.359s] Level 1:colcon.colcon_core.package_identification:_identify(.) by extensions ['ignore', 'ignore_ament_install']
[0.359s] Level 1:colcon.colcon_core.package_identification:_identify(.) by extension 'ignore'
[0.360s] Level 1:colcon.colcon_core.package_identification:_identify(.) by extension 'ignore_ament_install'
[0.360s] Level 1:colcon.colcon_core.package_identification:_identify(.) by extensions ['colcon_pkg']
[0.360s] Level 1:colcon.colcon_core.package_identification:_identify(.) by extension 'colcon_pkg'
[0.360s] Level 1:colcon.colcon_core.package_identification:_identify(.) by extensions ['colcon_meta']
[0.360s] Level 1:colcon.colcon_core.package_identification:_identify(.) by extension 'colcon_meta'
[0.360s] Level 1:colcon.colcon_core.package_identification:_identify(.) by extensions ['ros']
[0.360s] Level 1:colcon.colcon_core.package_identification:_identify(.) by extension 'ros'
[0.434s] DEBUG:colcon.colcon_core.package_identification:Package '.' with type 'ros.ament_cmake' and name 'ldlidar'
[0.434s] Level 1:colcon.colcon_core.package_discovery:discover_packages(recursive) using defaults
[0.435s] Level 1:colcon.colcon_core.package_discovery:discover_packages(ignore) discover
[0.435s] Level 1:colcon.colcon_core.package_discovery:discover_packages(ignore) using defaults
[0.435s] Level 1:colcon.colcon_core.package_discovery:discover_packages(path) discover
[0.435s] Level 1:colcon.colcon_core.package_discovery:discover_packages(path) using defaults
[0.477s] Level 1:colcon.colcon_core.package_discovery:discover_packages(prefix_path) check parameters
[0.477s] Level 1:colcon.colcon_core.package_discovery:discover_packages(prefix_path) discover
[0.483s] DEBUG:colcon.colcon_installed_package_information.package_discovery:Found 285 installed packages in /opt/ros/jazzy
[0.486s] Level 1:colcon.colcon_core.package_discovery:discover_packages(prefix_path) using defaults
[0.606s] Level 5:colcon.colcon_core.verb:set package 'ldlidar' build argument 'cmake_args' from command line to 'None'
[0.606s] Level 5:colcon.colcon_core.verb:set package 'ldlidar' build argument 'cmake_target' from command line to 'None'
[0.606s] Level 5:colcon.colcon_core.verb:set package 'ldlidar' build argument 'cmake_target_skip_unavailable' from command line to 'False'
[0.606s] Level 5:colcon.colcon_core.verb:set package 'ldlidar' build argument 'cmake_clean_cache' from command line to 'False'
[0.606s] Level 5:colcon.colcon_core.verb:set package 'ldlidar' build argument 'cmake_clean_first' from command line to 'False'
[0.606s] Level 5:colcon.colcon_core.verb:set package 'ldlidar' build argument 'cmake_force_configure' from command line to 'False'
[0.606s] Level 5:colcon.colcon_core.verb:set package 'ldlidar' build argument 'ament_cmake_args' from command line to 'None'
[0.606s] Level 5:colcon.colcon_core.verb:set package 'ldlidar' build argument 'catkin_cmake_args' from command line to 'None'
[0.606s] Level 5:colcon.colcon_core.verb:set package 'ldlidar' build argument 'catkin_skip_building_tests' from command line to 'False'
[0.606s] DEBUG:colcon.colcon_core.verb:Building package 'ldlidar' with the following arguments: {'ament_cmake_args': None, 'build_base': '/home/xiluo/ldlidar_port/build/ldlidar', 'catkin_cmake_args': None, 'catkin_skip_building_tests': False, 'cmake_args': None, 'cmake_clean_cache': False, 'cmake_clean_first': False, 'cmake_force_configure': False, 'cmake_target': None, 'cmake_target_skip_unavailable': False, 'install_base': '/home/xiluo/ldlidar_port/install/ldlidar', 'merge_install': False, 'path': '/home/xiluo/ldlidar_port', 'symlink_install': False, 'test_result_base': None}
[0.607s] INFO:colcon.colcon_core.executor:Executing jobs using 'parallel' executor
[0.609s] DEBUG:colcon.colcon_parallel_executor.executor.parallel:run_until_complete
[0.610s] INFO:colcon.colcon_ros.task.ament_cmake.build:Building ROS package in '/home/xiluo/ldlidar_port' with build type 'ament_cmake'
[0.611s] INFO:colcon.colcon_cmake.task.cmake.build:Building CMake package in '/home/xiluo/ldlidar_port'
[0.616s] INFO:colcon.colcon_core.plugin_system:Skipping extension 'colcon_core.shell.bat': Not used on non-Windows systems
[0.616s] INFO:colcon.colcon_core.shell:Skip shell extension 'powershell' for command environment: Not usable outside of PowerShell
[0.616s] DEBUG:colcon.colcon_core.shell:Skip shell extension 'dsv' for command environment
[0.641s] DEBUG:colcon.colcon_core.event_handler.log_command:Invoking command in '/home/xiluo/ldlidar_port/build/ldlidar': CMAKE_PREFIX_PATH=${CMAKE_PREFIX_PATH}:/opt/ros/jazzy DEBUGINFOD_URLS=https://debuginfod.ubuntu.com /usr/bin/cmake /home/xiluo/ldlidar_port -DCMAKE_INSTALL_PREFIX=/home/xiluo/ldlidar_port/install/ldlidar
[6.111s] DEBUG:colcon.colcon_core.event_handler.log_command:Invoked command in '/home/xiluo/ldlidar_port/build/ldlidar' returned '0': CMAKE_PREFIX_PATH=${CMAKE_PREFIX_PATH}:/opt/ros/jazzy DEBUGINFOD_URLS=https://debuginfod.ubuntu.com /usr/bin/cmake /home/xiluo/ldlidar_port -DCMAKE_INSTALL_PREFIX=/home/xiluo/ldlidar_port/install/ldlidar
[6.114s] DEBUG:colcon.colcon_core.event_handler.log_command:Invoking command in '/home/xiluo/ldlidar_port/build/ldlidar': CMAKE_PREFIX_PATH=${CMAKE_PREFIX_PATH}:/opt/ros/jazzy DEBUGINFOD_URLS=https://debuginfod.ubuntu.com /usr/bin/cmake --build /home/xiluo/ldlidar_port/build/ldlidar -- -j4 -l4
[22.581s] DEBUG:colcon.colcon_core.event_handler.log_command:Invoked command in '/home/xiluo/ldlidar_port/build/ldlidar' returned '0': CMAKE_PREFIX_PATH=${CMAKE_PREFIX_PATH}:/opt/ros/jazzy DEBUGINFOD_URLS=https://debuginfod.ubuntu.com /usr/bin/cmake --build /home/xiluo/ldlidar_port/build/ldlidar -- -j4 -l4
[22.606s] DEBUG:colcon.colcon_core.event_handler.log_command:Invoking command in '/home/xiluo/ldlidar_port/build/ldlidar': CMAKE_PREFIX_PATH=${CMAKE_PREFIX_PATH}:/opt/ros/jazzy DEBUGINFOD_URLS=https://debuginfod.ubuntu.com /usr/bin/cmake --install /home/xiluo/ldlidar_port/build/ldlidar
[22.658s] Level 1:colcon.colcon_core.environment:create_environment_scripts_only(ldlidar)
[22.659s] DEBUG:colcon.colcon_core.event_handler.log_command:Invoked command in '/home/xiluo/ldlidar_port/build/ldlidar' returned '0': CMAKE_PREFIX_PATH=${CMAKE_PREFIX_PATH}:/opt/ros/jazzy DEBUGINFOD_URLS=https://debuginfod.ubuntu.com /usr/bin/cmake --install /home/xiluo/ldlidar_port/build/ldlidar
[22.666s] Level 1:colcon.colcon_core.environment:checking '/home/xiluo/ldlidar_port/install/ldlidar' for CMake module files
[22.668s] Level 1:colcon.colcon_core.environment:checking '/home/xiluo/ldlidar_port/install/ldlidar' for CMake config files
[22.669s] Level 1:colcon.colcon_core.shell:create_environment_hook('ldlidar', 'cmake_prefix_path')
[22.669s] INFO:colcon.colcon_core.shell:Creating environment hook '/home/xiluo/ldlidar_port/install/ldlidar/share/ldlidar/hook/cmake_prefix_path.ps1'
[22.670s] INFO:colcon.colcon_core.shell:Creating environment descriptor '/home/xiluo/ldlidar_port/install/ldlidar/share/ldlidar/hook/cmake_prefix_path.dsv'
[22.671s] INFO:colcon.colcon_core.shell:Creating environment hook '/home/xiluo/ldlidar_port/install/ldlidar/share/ldlidar/hook/cmake_prefix_path.sh'
[22.673s] Level 1:colcon.colcon_core.environment:checking '/home/xiluo/ldlidar_port/install/ldlidar/lib'
[22.673s] Level 1:colcon.colcon_core.environment:checking '/home/xiluo/ldlidar_port/install/ldlidar/bin'
[22.673s] Level 1:colcon.colcon_core.environment:checking '/home/xiluo/ldlidar_port/install/ldlidar/lib/pkgconfig/ldlidar.pc'
[22.674s] Level 1:colcon.colcon_core.environment:checking '/home/xiluo/ldlidar_port/install/ldlidar/lib/python3.12/site-packages'
[22.675s] Level 1:colcon.colcon_core.environment:checking '/home/xiluo/ldlidar_port/install/ldlidar/bin'
[22.675s] INFO:colcon.colcon_core.shell:Creating package script '/home/xiluo/ldlidar_port/install/ldlidar/share/ldlidar/package.ps1'
[22.676s] INFO:colcon.colcon_core.shell:Creating package descriptor '/home/xiluo/ldlidar_port/install/ldlidar/share/ldlidar/package.dsv'
[22.677s] INFO:colcon.colcon_core.shell:Creating package script '/home/xiluo/ldlidar_port/install/ldlidar/share/ldlidar/package.sh'
[22.680s] INFO:colcon.colcon_core.shell:Creating package script '/home/xiluo/ldlidar_port/install/ldlidar/share/ldlidar/package.bash'
[22.682s] INFO:colcon.colcon_core.shell:Creating package script '/home/xiluo/ldlidar_port/install/ldlidar/share/ldlidar/package.zsh'
[22.683s] Level 1:colcon.colcon_core.environment:create_file_with_runtime_dependencies(/home/xiluo/ldlidar_port/install/ldlidar/share/colcon-core/packages/ldlidar)
[22.685s] Level 1:colcon.colcon_core.environment:create_environment_scripts_only(ldlidar)
[22.685s] Level 1:colcon.colcon_core.environment:checking '/home/xiluo/ldlidar_port/install/ldlidar' for CMake module files
[22.686s] Level 1:colcon.colcon_core.environment:checking '/home/xiluo/ldlidar_port/install/ldlidar' for CMake config files
[22.687s] Level 1:colcon.colcon_core.shell:create_environment_hook('ldlidar', 'cmake_prefix_path')
[22.688s] INFO:colcon.colcon_core.shell:Creating environment hook '/home/xiluo/ldlidar_port/install/ldlidar/share/ldlidar/hook/cmake_prefix_path.ps1'
[22.689s] INFO:colcon.colcon_core.shell:Creating environment descriptor '/home/xiluo/ldlidar_port/install/ldlidar/share/ldlidar/hook/cmake_prefix_path.dsv'
[22.690s] INFO:colcon.colcon_core.shell:Creating environment hook '/home/xiluo/ldlidar_port/install/ldlidar/share/ldlidar/hook/cmake_prefix_path.sh'
[22.692s] Level 1:colcon.colcon_core.environment:checking '/home/xiluo/ldlidar_port/install/ldlidar/lib'
[22.692s] Level 1:colcon.colcon_core.environment:checking '/home/xiluo/ldlidar_port/install/ldlidar/bin'
[22.693s] Level 1:colcon.colcon_core.environment:checking '/home/xiluo/ldlidar_port/install/ldlidar/lib/pkgconfig/ldlidar.pc'
[22.693s] Level 1:colcon.colcon_core.environment:checking '/home/xiluo/ldlidar_port/install/ldlidar/lib/python3.12/site-packages'
[22.694s] Level 1:colcon.colcon_core.environment:checking '/home/xiluo/ldlidar_port/install/ldlidar/bin'
[22.695s] INFO:colcon.colcon_core.shell:Creating package script '/home/xiluo/ldlidar_port/install/ldlidar/share/ldlidar/package.ps1'
[22.698s] INFO:colcon.colcon_core.shell:Creating package descriptor '/home/xiluo/ldlidar_port/install/ldlidar/share/ldlidar/package.dsv'
[22.700s] INFO:colcon.colcon_core.shell:Creating package script '/home/xiluo/ldlidar_port/install/ldlidar/share/ldlidar/package.sh'
[22.702s] INFO:colcon.colcon_core.shell:Creating package script '/home/xiluo/ldlidar_port/install/ldlidar/share/ldlidar/package.bash'
[22.704s] INFO:colcon.colcon_core.shell:Creating package script '/home/xiluo/ldlidar_port/install/ldlidar/share/ldlidar/package.zsh'
[22.706s] Level 1:colcon.colcon_core.environment:create_file_with_runtime_dependencies(/home/xiluo/ldlidar_port/install/ldlidar/share/colcon-core/packages/ldlidar)
[22.707s] DEBUG:colcon.colcon_parallel_executor.executor.parallel:closing loop
[22.709s] DEBUG:colcon.colcon_parallel_executor.executor.parallel:loop closed
[22.709s] DEBUG:colcon.colcon_parallel_executor.executor.parallel:run_until_complete finished with '0'
[22.709s] DEBUG:colcon.colcon_core.event_reactor:joining thread
[22.722s] INFO:colcon.colcon_core.plugin_system:Skipping extension 'colcon_notification.desktop_notification.terminal_notifier': Not used on non-Darwin systems
[22.722s] INFO:colcon.colcon_core.plugin_system:Skipping extension 'colcon_notification.desktop_notification.win32': Not used on non-Windows systems
[22.723s] INFO:colcon.colcon_notification.desktop_notification:Sending desktop notification using 'notify2'
[22.772s] DEBUG:colcon.colcon_core.event_reactor:joined thread
[22.773s] INFO:colcon.colcon_core.shell:Creating prefix script '/home/xiluo/ldlidar_port/install/local_setup.ps1'
[22.775s] INFO:colcon.colcon_core.shell:Creating prefix util module '/home/xiluo/ldlidar_port/install/_local_setup_util_ps1.py'
[22.777s] INFO:colcon.colcon_core.shell:Creating prefix chain script '/home/xiluo/ldlidar_port/install/setup.ps1'
[22.779s] INFO:colcon.colcon_core.shell:Creating prefix script '/home/xiluo/ldlidar_port/install/local_setup.sh'
[22.780s] INFO:colcon.colcon_core.shell:Creating prefix util module '/home/xiluo/ldlidar_port/install/_local_setup_util_sh.py'
[22.782s] INFO:colcon.colcon_core.shell:Creating prefix chain script '/home/xiluo/ldlidar_port/install/setup.sh'
[22.784s] INFO:colcon.colcon_core.shell:Creating prefix script '/home/xiluo/ldlidar_port/install/local_setup.bash'
[22.786s] INFO:colcon.colcon_core.shell:Creating prefix chain script '/home/xiluo/ldlidar_port/install/setup.bash'
[22.787s] INFO:colcon.colcon_core.shell:Creating prefix script '/home/xiluo/ldlidar_port/install/local_setup.zsh'
[22.788s] INFO:colcon.colcon_core.shell:Creating prefix chain script '/home/xiluo/ldlidar_port/install/setup.zsh'
