[0.028s] Invoking command in '/home/xiluo/ldlidar_port/build/ldlidar': CMAKE_PREFIX_PATH=${CMAKE_PREFIX_PATH}:/opt/ros/jazzy DEBUGINFOD_URLS=https://debuginfod.ubuntu.com /usr/bin/cmake /home/xiluo/ldlidar_port -DCMAKE_INSTALL_PREFIX=/home/xiluo/ldlidar_port/install/ldlidar
[0.632s] -- The C compiler identification is GNU 13.3.0
[1.145s] -- The CXX compiler identification is GNU 13.3.0
[1.230s] -- Detecting C compiler ABI info
[1.554s] -- Detecting C compiler ABI info - done
[1.585s] -- Check for working C compiler: /usr/bin/cc - skipped
[1.587s] -- Detecting C compile features
[1.591s] -- Detecting C compile features - done
[1.634s] -- Detecting CXX compiler ABI info
[1.995s] -- Detecting CXX compiler ABI info - done
[2.020s] -- Check for working CXX compiler: /usr/bin/c++ - skipped
[2.021s] -- Detecting CXX compile features
[2.022s] -- Detecting CXX compile features - done
[2.058s] -- Found ament_cmake: 2.5.4 (/opt/ros/jazzy/share/ament_cmake/cmake)
[2.485s] -- Found Python3: /usr/bin/python3 (found version "3.12.3") found components: Interpreter 
[2.916s] -- Found rclcpp: 28.1.12 (/opt/ros/jazzy/share/rclcpp/cmake)
[3.098s] -- Found rosidl_generator_c: 4.6.6 (/opt/ros/jazzy/share/rosidl_generator_c/cmake)
[3.147s] -- Found rosidl_generator_cpp: 4.6.6 (/opt/ros/jazzy/share/rosidl_generator_cpp/cmake)
[3.223s] -- Using all available rosidl_typesupport_c: rosidl_typesupport_fastrtps_c;rosidl_typesupport_introspection_c
[3.324s] -- Using all available rosidl_typesupport_cpp: rosidl_typesupport_fastrtps_cpp;rosidl_typesupport_introspection_cpp
[3.730s] -- Found rmw_implementation_cmake: 7.3.2 (/opt/ros/jazzy/share/rmw_implementation_cmake/cmake)
[3.747s] -- Found rmw_fastrtps_cpp: 8.4.3 (/opt/ros/jazzy/share/rmw_fastrtps_cpp/cmake)
[4.126s] -- Found OpenSSL: /usr/lib/x86_64-linux-gnu/libcrypto.so (found version "3.0.13")  
[4.203s] -- Found FastRTPS: /opt/ros/jazzy/include (Required is at least version "2.13") 
[4.283s] -- Using RMW implementation 'rmw_fastrtps_cpp' as default
[4.701s] -- Found sensor_msgs: 5.3.6 (/opt/ros/jazzy/share/sensor_msgs/cmake)
[4.978s] -- Found ament_lint_auto: 0.17.3 (/opt/ros/jazzy/share/ament_lint_auto/cmake)
[5.341s] -- Added test 'copyright' to check source files copyright and LICENSE
[5.357s] -- Added test 'cppcheck' to perform static code analysis on C / C++ code
[5.357s] -- Configured cppcheck include dirs: /home/xiluo/ldlidar_port/include;/home/xiluo/ldlidar_port/../../../ldlidar_driver/include
[5.357s] -- Configured cppcheck exclude dirs and/or files: 
[5.374s] -- Added test 'cpplint' to check C / C++ code against the Google style
[5.374s] -- Configured cpplint exclude dirs and/or files: 
[5.379s] -- Added test 'flake8' to check Python code syntax and style conventions
[5.379s] -- Configured 'flake8' exclude dirs and/or files: 
[5.387s] -- Added test 'lint_cmake' to check CMake code style
[5.392s] -- Added test 'pep257' to check Python code against some of the docstring style conventions in PEP 257
[5.410s] -- Added test 'uncrustify' to check C / C++ code style
[5.411s] -- Configured uncrustify additional arguments: 
[5.415s] -- Added test 'xmllint' to check XML markup files
[5.426s] -- Configuring done (5.4s)
[5.459s] -- Generating done (0.0s)
[5.469s] -- Build files have been written to: /home/xiluo/ldlidar_port/build/ldlidar
[5.499s] Invoked command in '/home/xiluo/ldlidar_port/build/ldlidar' returned '0': CMAKE_PREFIX_PATH=${CMAKE_PREFIX_PATH}:/opt/ros/jazzy DEBUGINFOD_URLS=https://debuginfod.ubuntu.com /usr/bin/cmake /home/xiluo/ldlidar_port -DCMAKE_INSTALL_PREFIX=/home/xiluo/ldlidar_port/install/ldlidar
[5.502s] Invoking command in '/home/xiluo/ldlidar_port/build/ldlidar': CMAKE_PREFIX_PATH=${CMAKE_PREFIX_PATH}:/opt/ros/jazzy DEBUGINFOD_URLS=https://debuginfod.ubuntu.com /usr/bin/cmake --build /home/xiluo/ldlidar_port/build/ldlidar -- -j4 -l4
[5.686s] [ 16%] [32mBuilding CXX object CMakeFiles/ldlidar.dir/src/sl_transform.cpp.o[0m
[5.686s] [ 33%] [32mBuilding CXX object CMakeFiles/ldlidar.dir/src/lipkg.cpp.o[0m
[5.686s] [ 50%] [32mBuilding CXX object CMakeFiles/ldlidar.dir/src/cmd_interface_linux.cpp.o[0m
[5.687s] [ 66%] [32mBuilding CXX object CMakeFiles/ldlidar.dir/src/main.cpp.o[0m
[7.553s] [ 83%] [32mBuilding CXX object CMakeFiles/ldlidar.dir/src/slbf.cpp.o[0m
[21.223s] [100%] [32m[1mLinking CXX executable ldlidar[0m
[21.940s] [100%] Built target ldlidar
[21.969s] Invoked command in '/home/xiluo/ldlidar_port/build/ldlidar' returned '0': CMAKE_PREFIX_PATH=${CMAKE_PREFIX_PATH}:/opt/ros/jazzy DEBUGINFOD_URLS=https://debuginfod.ubuntu.com /usr/bin/cmake --build /home/xiluo/ldlidar_port/build/ldlidar -- -j4 -l4
[21.994s] Invoking command in '/home/xiluo/ldlidar_port/build/ldlidar': CMAKE_PREFIX_PATH=${CMAKE_PREFIX_PATH}:/opt/ros/jazzy DEBUGINFOD_URLS=https://debuginfod.ubuntu.com /usr/bin/cmake --install /home/xiluo/ldlidar_port/build/ldlidar
[22.019s] -- Install configuration: ""
[22.021s] -- Installing: /home/xiluo/ldlidar_port/install/ldlidar/lib/ldlidar/LD14P_scan_fre.py
[22.021s] -- Installing: /home/xiluo/ldlidar_port/install/ldlidar/lib/ldlidar/ldlidar
[22.024s] -- Set non-toolchain portion of runtime path of "/home/xiluo/ldlidar_port/install/ldlidar/lib/ldlidar/ldlidar" to ""
[22.025s] -- Installing: /home/xiluo/ldlidar_port/install/ldlidar/share/ldlidar//launch
[22.025s] -- Installing: /home/xiluo/ldlidar_port/install/ldlidar/share/ldlidar//launch/ld14p.launch.py
[22.025s] -- Installing: /home/xiluo/ldlidar_port/install/ldlidar/share/ldlidar//rviz2
[22.025s] -- Installing: /home/xiluo/ldlidar_port/install/ldlidar/share/ldlidar//rviz2/ldlidar.rviz
[22.026s] -- Installing: /home/xiluo/ldlidar_port/install/ldlidar/share/ament_index/resource_index/package_run_dependencies/ldlidar
[22.027s] -- Installing: /home/xiluo/ldlidar_port/install/ldlidar/share/ament_index/resource_index/parent_prefix_path/ldlidar
[22.027s] -- Installing: /home/xiluo/ldlidar_port/install/ldlidar/share/ldlidar/environment/ament_prefix_path.sh
[22.027s] -- Installing: /home/xiluo/ldlidar_port/install/ldlidar/share/ldlidar/environment/ament_prefix_path.dsv
[22.028s] -- Installing: /home/xiluo/ldlidar_port/install/ldlidar/share/ldlidar/environment/path.sh
[22.029s] -- Installing: /home/xiluo/ldlidar_port/install/ldlidar/share/ldlidar/environment/path.dsv
[22.030s] -- Installing: /home/xiluo/ldlidar_port/install/ldlidar/share/ldlidar/local_setup.bash
[22.030s] -- Installing: /home/xiluo/ldlidar_port/install/ldlidar/share/ldlidar/local_setup.sh
[22.031s] -- Installing: /home/xiluo/ldlidar_port/install/ldlidar/share/ldlidar/local_setup.zsh
[22.031s] -- Installing: /home/xiluo/ldlidar_port/install/ldlidar/share/ldlidar/local_setup.dsv
[22.032s] -- Installing: /home/xiluo/ldlidar_port/install/ldlidar/share/ldlidar/package.dsv
[22.032s] -- Installing: /home/xiluo/ldlidar_port/install/ldlidar/share/ament_index/resource_index/packages/ldlidar
[22.042s] -- Installing: /home/xiluo/ldlidar_port/install/ldlidar/share/ldlidar/cmake/ldlidarConfig.cmake
[22.043s] -- Installing: /home/xiluo/ldlidar_port/install/ldlidar/share/ldlidar/cmake/ldlidarConfig-version.cmake
[22.044s] -- Installing: /home/xiluo/ldlidar_port/install/ldlidar/share/ldlidar/package.xml
[22.047s] Invoked command in '/home/xiluo/ldlidar_port/build/ldlidar' returned '0': CMAKE_PREFIX_PATH=${CMAKE_PREFIX_PATH}:/opt/ros/jazzy DEBUGINFOD_URLS=https://debuginfod.ubuntu.com /usr/bin/cmake --install /home/xiluo/ldlidar_port/build/ldlidar
